<?xml version="1.0" encoding="UTF-8"?>
<coverage generated="1551870192688" clover="3.2.0">
  <project timestamp="1551870192688" name="All files">
    <metrics statements="34" coveredstatements="28" conditionals="7" coveredconditionals="4" methods="11" coveredmethods="7" elements="52" coveredelements="39" complexity="0" loc="34" ncloc="34" packages="5" files="5" classes="5"/>
    <package name="Observers">
      <metrics statements="11" coveredstatements="6" conditionals="2" coveredconditionals="0" methods="5" coveredmethods="2"/>
      <file name="Observer.js" path="/Users/Gracey/Documents/DevTools/Check-Points/checkPoint2/Observers/Observer.js">
        <metrics statements="11" coveredstatements="6" conditionals="2" coveredconditionals="0" methods="5" coveredmethods="2"/>
        <line num="1" count="1" type="stmt"/>
        <line num="2" count="1" type="stmt"/>
        <line num="9" count="2" type="stmt"/>
        <line num="10" count="2" type="stmt"/>
        <line num="14" count="2" type="stmt"/>
        <line num="20" count="0" type="cond" truecount="0" falsecount="2"/>
        <line num="21" count="0" type="stmt"/>
        <line num="23" count="0" type="stmt"/>
        <line num="24" count="0" type="stmt"/>
        <line num="25" count="0" type="stmt"/>
        <line num="30" count="1" type="stmt"/>
      </file>
    </package>
    <package name="data.dataCleaner">
      <metrics statements="8" coveredstatements="8" conditionals="0" coveredconditionals="0" methods="1" coveredmethods="1"/>
      <file name="dataCleaner.js" path="/Users/Gracey/Documents/DevTools/Check-Points/checkPoint2/data/dataCleaner/dataCleaner.js">
        <metrics statements="8" coveredstatements="8" conditionals="0" coveredconditionals="0" methods="1" coveredmethods="1"/>
        <line num="4" count="2" type="stmt"/>
        <line num="7" count="2" type="stmt"/>
        <line num="10" count="2" type="stmt"/>
        <line num="13" count="2" type="stmt"/>
        <line num="16" count="2" type="stmt"/>
        <line num="19" count="2" type="stmt"/>
        <line num="20" count="2" type="stmt"/>
        <line num="23" count="1" type="stmt"/>
      </file>
    </package>
    <package name="data.dataConverter">
      <metrics statements="4" coveredstatements="4" conditionals="1" coveredconditionals="1" methods="1" coveredmethods="1"/>
      <file name="Product.js" path="/Users/Gracey/Documents/DevTools/Check-Points/checkPoint2/data/dataConverter/Product.js">
        <metrics statements="4" coveredstatements="4" conditionals="1" coveredconditionals="1" methods="1" coveredmethods="1"/>
        <line num="4" count="4" type="stmt"/>
        <line num="5" count="4" type="stmt"/>
        <line num="6" count="4" type="stmt"/>
        <line num="12" count="1" type="stmt"/>
      </file>
    </package>
    <package name="data.dataWriter">
      <metrics statements="3" coveredstatements="2" conditionals="0" coveredconditionals="0" methods="1" coveredmethods="0"/>
      <file name="writeFile.js" path="/Users/Gracey/Documents/DevTools/Check-Points/checkPoint2/data/dataWriter/writeFile.js">
        <metrics statements="3" coveredstatements="2" conditionals="0" coveredconditionals="0" methods="1" coveredmethods="0"/>
        <line num="2" count="1" type="stmt"/>
        <line num="5" count="0" type="stmt"/>
        <line num="8" count="1" type="stmt"/>
      </file>
    </package>
    <package name="isLastSingleton">
      <metrics statements="8" coveredstatements="8" conditionals="4" coveredconditionals="3" methods="3" coveredmethods="3"/>
      <file name="isLast.js" path="/Users/Gracey/Documents/DevTools/Check-Points/checkPoint2/isLastSingleton/isLast.js">
        <metrics statements="8" coveredstatements="8" conditionals="4" coveredconditionals="3" methods="3" coveredmethods="3"/>
        <line num="3" count="2" type="stmt"/>
        <line num="4" count="2" type="stmt"/>
        <line num="7" count="2" type="stmt"/>
        <line num="10" count="1" type="cond" truecount="3" falsecount="1"/>
        <line num="11" count="1" type="stmt"/>
        <line num="13" count="1" type="stmt"/>
        <line num="17" count="1" type="stmt"/>
        <line num="22" count="2" type="stmt"/>
      </file>
    </package>
  </project>
</coverage>
