{"/Users/Gracey/Documents/DevTools/Check-Points/checkPoint2/data/dataCleaner/dataCleaner.js": {"path":"/Users/Gracey/Documents/DevTools/Check-Points/checkPoint2/data/dataCleaner/dataCleaner.js","statementMap":{"0":{"start":{"line":4,"column":2},"end":{"line":4,"column":45}},"1":{"start":{"line":7,"column":2},"end":{"line":7,"column":46}},"2":{"start":{"line":10,"column":2},"end":{"line":10,"column":39}},"3":{"start":{"line":13,"column":2},"end":{"line":13,"column":42}},"4":{"start":{"line":16,"column":2},"end":{"line":16,"column":41}},"5":{"start":{"line":19,"column":2},"end":{"line":19,"column":37}},"6":{"start":{"line":20,"column":2},"end":{"line":20,"column":16}},"7":{"start":{"line":23,"column":0},"end":{"line":23,"column":23}}},"fnMap":{"0":{"name":"clean","decl":{"start":{"line":2,"column":9},"end":{"line":2,"column":14}},"loc":{"start":{"line":2,"column":23},"end":{"line":21,"column":1}},"line":2}},"branchMap":{},"s":{"0":2,"1":2,"2":2,"3":2,"4":2,"5":2,"6":2,"7":1},"f":{"0":2},"b":{},"_coverageSchema":"43e27e138ebf9cfc5966b082cf9a028302ed4184","hash":"35a8051e242e38f946961e2a6f6e1fa74833d8a3"}
,"/Users/Gracey/Documents/DevTools/Check-Points/checkPoint2/data/dataConverter/Product.js": {"path":"/Users/Gracey/Documents/DevTools/Check-Points/checkPoint2/data/dataConverter/Product.js","statementMap":{"0":{"start":{"line":3,"column":4},"end":{"line":3,"column":21}},"1":{"start":{"line":4,"column":4},"end":{"line":4,"column":24}},"2":{"start":{"line":5,"column":4},"end":{"line":5,"column":23}},"3":{"start":{"line":9,"column":0},"end":{"line":9,"column":25}}},"fnMap":{"0":{"name":"(anonymous_0)","decl":{"start":{"line":2,"column":2},"end":{"line":2,"column":3}},"loc":{"start":{"line":2,"column":44},"end":{"line":6,"column":3}},"line":2}},"branchMap":{"0":{"loc":{"start":{"line":2,"column":24},"end":{"line":2,"column":42}},"type":"default-arg","locations":[{"start":{"line":2,"column":32},"end":{"line":2,"column":42}}],"line":2}},"s":{"0":4,"1":4,"2":4,"3":1},"f":{"0":4},"b":{"0":[2]},"_coverageSchema":"43e27e138ebf9cfc5966b082cf9a028302ed4184","hash":"eb715d9fe14c6c15ce467d0f21a45dfb0a88ae16"}
}
