TN:
SF:/Users/Gracey/Documents/DevTools/Check-Points/checkPoint2/Observers/Observer.js
FN:6,(anonymous_0)
FN:13,(anonymous_1)
FN:17,(anonymous_2)
FN:19,(anonymous_3)
FN:23,(anonymous_4)
FNF:5
FNH:2
FNDA:2,(anonymous_0)
FNDA:2,(anonymous_1)
FNDA:0,(anonymous_2)
FNDA:0,(anonymous_3)
FNDA:0,(anonymous_4)
DA:1,1
DA:2,1
DA:9,2
DA:10,2
DA:14,2
DA:20,0
DA:21,0
DA:23,0
DA:24,0
DA:25,0
DA:30,1
LF:11
LH:6
BRDA:20,0,0,0
BRDA:20,0,1,0
BRF:2
BRH:0
end_of_record
TN:
SF:/Users/Gracey/Documents/DevTools/Check-Points/checkPoint2/data/dataCleaner/dataCleaner.js
FN:2,clean
FNF:1
FNH:1
FNDA:2,clean
DA:4,2
DA:7,2
DA:10,2
DA:13,2
DA:16,2
DA:19,2
DA:20,2
DA:23,1
LF:8
LH:8
BRF:0
BRH:0
end_of_record
TN:
SF:/Users/Gracey/Documents/DevTools/Check-Points/checkPoint2/data/dataConverter/Product.js
FN:3,(anonymous_0)
FNF:1
FNH:1
FNDA:4,(anonymous_0)
DA:4,4
DA:5,4
DA:6,4
DA:12,1
LF:4
LH:4
BRDA:3,0,0,2
BRF:1
BRH:1
end_of_record
TN:
SF:/Users/Gracey/Documents/DevTools/Check-Points/checkPoint2/data/dataWriter/writeFile.js
FN:4,writeToOutput
FNF:1
FNH:0
FNDA:0,writeToOutput
DA:2,1
DA:5,0
DA:8,1
LF:3
LH:2
BRF:0
BRH:0
end_of_record
TN:
SF:/Users/Gracey/Documents/DevTools/Check-Points/checkPoint2/isLastSingleton/isLast.js
FN:3,(anonymous_0)
FN:8,(anonymous_1)
FN:15,(anonymous_2)
FNF:3
FNH:3
FNDA:2,(anonymous_0)
FNDA:1,(anonymous_1)
FNDA:1,(anonymous_2)
DA:3,2
DA:4,2
DA:7,2
DA:10,1
DA:11,1
DA:13,1
DA:17,1
DA:22,2
LF:8
LH:8
BRDA:10,0,0,1
BRDA:10,0,1,0
BRDA:10,1,0,1
BRDA:10,1,1,1
BRF:4
BRH:3
end_of_record
